<?xml version="1.0" encoding="UTF-8"?>
<coverage generated="1765260204350" clover="3.2.0">
  <project timestamp="1765260204350" name="All files">
    <metrics statements="225" coveredstatements="209" conditionals="46" coveredconditionals="39" methods="9" coveredmethods="8" elements="280" coveredelements="256" complexity="0" loc="225" ncloc="225" packages="1" files="2" classes="2"/>
    <file name="App.jsx" path="/Users/jonathan.pho/Development/practice/draft-board/frontend/src/App.jsx">
      <metrics statements="215" coveredstatements="209" conditionals="45" coveredconditionals="39" methods="8" coveredmethods="8"/>
      <line num="1" count="1" type="stmt"/>
      <line num="2" count="1" type="stmt"/>
      <line num="3" count="1" type="stmt"/>
      <line num="4" count="1" type="stmt"/>
      <line num="5" count="1" type="stmt"/>
      <line num="6" count="57" type="cond" truecount="1" falsecount="0"/>
      <line num="7" count="57" type="stmt"/>
      <line num="8" count="57" type="stmt"/>
      <line num="9" count="57" type="stmt"/>
      <line num="10" count="57" type="stmt"/>
      <line num="11" count="57" type="stmt"/>
      <line num="12" count="57" type="stmt"/>
      <line num="13" count="57" type="cond" truecount="1" falsecount="0"/>
      <line num="14" count="28" type="stmt"/>
      <line num="15" count="57" type="stmt"/>
      <line num="16" count="57" type="stmt"/>
      <line num="17" count="57" type="cond" truecount="1" falsecount="0"/>
      <line num="18" count="34" type="stmt"/>
      <line num="19" count="34" type="cond" truecount="1" falsecount="0"/>
      <line num="20" count="33" type="stmt"/>
      <line num="21" count="33" type="stmt"/>
      <line num="22" count="34" type="cond" truecount="1" falsecount="0"/>
      <line num="23" count="1" type="stmt"/>
      <line num="24" count="1" type="stmt"/>
      <line num="25" count="34" type="stmt"/>
      <line num="26" count="57" type="stmt"/>
      <line num="27" count="57" type="cond" truecount="1" falsecount="0"/>
      <line num="28" count="2" type="stmt"/>
      <line num="29" count="2" type="cond" truecount="0" falsecount="1"/>
      <line num="30" count="2" type="stmt"/>
      <line num="31" count="2" type="stmt"/>
      <line num="32" count="2" type="stmt"/>
      <line num="33" count="2" type="stmt"/>
      <line num="34" count="2" type="stmt"/>
      <line num="35" count="2" type="stmt"/>
      <line num="36" count="2" type="stmt"/>
      <line num="37" count="2" type="stmt"/>
      <line num="38" count="2" type="stmt"/>
      <line num="39" count="2" type="stmt"/>
      <line num="40" count="2" type="stmt"/>
      <line num="41" count="2" type="stmt"/>
      <line num="42" count="2" type="stmt"/>
      <line num="43" count="2" type="stmt"/>
      <line num="44" count="2" type="stmt"/>
      <line num="45" count="2" type="cond" truecount="0" falsecount="1"/>
      <line num="46" count="0" type="stmt"/>
      <line num="47" count="2" type="stmt"/>
      <line num="48" count="2" type="stmt"/>
      <line num="49" count="2" type="stmt"/>
      <line num="50" count="2" type="stmt"/>
      <line num="51" count="2" type="stmt"/>
      <line num="52" count="57" type="stmt"/>
      <line num="53" count="57" type="cond" truecount="1" falsecount="0"/>
      <line num="54" count="3" type="stmt"/>
      <line num="55" count="3" type="stmt"/>
      <line num="56" count="3" type="stmt"/>
      <line num="57" count="3" type="cond" truecount="3" falsecount="0"/>
      <line num="58" count="2" type="stmt"/>
      <line num="59" count="2" type="stmt"/>
      <line num="60" count="2" type="stmt"/>
      <line num="61" count="2" type="stmt"/>
      <line num="62" count="2" type="stmt"/>
      <line num="63" count="2" type="stmt"/>
      <line num="64" count="2" type="stmt"/>
      <line num="65" count="2" type="stmt"/>
      <line num="66" count="2" type="stmt"/>
      <line num="67" count="2" type="stmt"/>
      <line num="68" count="2" type="stmt"/>
      <line num="69" count="3" type="cond" truecount="0" falsecount="1"/>
      <line num="70" count="0" type="stmt"/>
      <line num="71" count="0" type="stmt"/>
      <line num="72" count="3" type="stmt"/>
      <line num="73" count="57" type="stmt"/>
      <line num="74" count="57" type="cond" truecount="1" falsecount="0"/>
      <line num="75" count="3" type="cond" truecount="2" falsecount="0"/>
      <line num="76" count="2" type="stmt"/>
      <line num="77" count="2" type="stmt"/>
      <line num="78" count="2" type="stmt"/>
      <line num="79" count="2" type="stmt"/>
      <line num="80" count="2" type="stmt"/>
      <line num="81" count="2" type="stmt"/>
      <line num="82" count="2" type="stmt"/>
      <line num="83" count="3" type="cond" truecount="0" falsecount="1"/>
      <line num="84" count="0" type="stmt"/>
      <line num="85" count="0" type="stmt"/>
      <line num="86" count="3" type="stmt"/>
      <line num="87" count="57" type="stmt"/>
      <line num="88" count="57" type="cond" truecount="1" falsecount="0"/>
      <line num="89" count="72" type="cond" truecount="1" falsecount="0"/>
      <line num="90" count="72" type="cond" truecount="1" falsecount="0"/>
      <line num="91" count="72" type="cond" truecount="1" falsecount="0"/>
      <line num="92" count="57" type="stmt"/>
      <line num="93" count="57" type="stmt"/>
      <line num="94" count="57" type="cond" truecount="1" falsecount="0"/>
      <line num="95" count="57" type="stmt"/>
      <line num="96" count="57" type="stmt"/>
      <line num="97" count="57" type="stmt"/>
      <line num="98" count="57" type="stmt"/>
      <line num="99" count="57" type="stmt"/>
      <line num="100" count="57" type="stmt"/>
      <line num="101" count="57" type="stmt"/>
      <line num="102" count="57" type="stmt"/>
      <line num="103" count="57" type="stmt"/>
      <line num="104" count="57" type="stmt"/>
      <line num="105" count="57" type="stmt"/>
      <line num="106" count="57" type="stmt"/>
      <line num="107" count="57" type="stmt"/>
      <line num="108" count="57" type="stmt"/>
      <line num="109" count="57" type="stmt"/>
      <line num="110" count="57" type="stmt"/>
      <line num="111" count="57" type="stmt"/>
      <line num="112" count="57" type="stmt"/>
      <line num="113" count="57" type="stmt"/>
      <line num="114" count="57" type="stmt"/>
      <line num="115" count="57" type="cond" truecount="1" falsecount="0"/>
      <line num="116" count="57" type="cond" truecount="1" falsecount="0"/>
      <line num="117" count="57" type="stmt"/>
      <line num="118" count="57" type="stmt"/>
      <line num="119" count="57" type="stmt"/>
      <line num="120" count="57" type="stmt"/>
      <line num="121" count="57" type="stmt"/>
      <line num="122" count="57" type="cond" truecount="1" falsecount="0"/>
      <line num="123" count="57" type="cond" truecount="1" falsecount="0"/>
      <line num="124" count="129" type="stmt"/>
      <line num="125" count="129" type="stmt"/>
      <line num="126" count="129" type="stmt"/>
      <line num="127" count="57" type="stmt"/>
      <line num="128" count="57" type="stmt"/>
      <line num="129" count="57" type="stmt"/>
      <line num="130" count="57" type="stmt"/>
      <line num="131" count="57" type="stmt"/>
      <line num="132" count="57" type="stmt"/>
      <line num="133" count="57" type="stmt"/>
      <line num="134" count="57" type="stmt"/>
      <line num="135" count="57" type="cond" truecount="1" falsecount="0"/>
      <line num="136" count="57" type="stmt"/>
      <line num="137" count="57" type="stmt"/>
      <line num="138" count="57" type="stmt"/>
      <line num="139" count="57" type="stmt"/>
      <line num="140" count="57" type="stmt"/>
      <line num="141" count="57" type="stmt"/>
      <line num="142" count="57" type="stmt"/>
      <line num="143" count="57" type="stmt"/>
      <line num="144" count="57" type="stmt"/>
      <line num="145" count="57" type="stmt"/>
      <line num="146" count="57" type="stmt"/>
      <line num="147" count="57" type="stmt"/>
      <line num="148" count="57" type="stmt"/>
      <line num="149" count="57" type="stmt"/>
      <line num="150" count="57" type="stmt"/>
      <line num="151" count="57" type="cond" truecount="1" falsecount="0"/>
      <line num="152" count="57" type="stmt"/>
      <line num="153" count="57" type="stmt"/>
      <line num="154" count="57" type="cond" truecount="1" falsecount="0"/>
      <line num="155" count="57" type="stmt"/>
      <line num="156" count="57" type="stmt"/>
      <line num="157" count="57" type="stmt"/>
      <line num="158" count="57" type="stmt"/>
      <line num="159" count="57" type="stmt"/>
      <line num="160" count="57" type="stmt"/>
      <line num="161" count="57" type="stmt"/>
      <line num="162" count="57" type="stmt"/>
      <line num="163" count="57" type="stmt"/>
      <line num="164" count="57" type="stmt"/>
      <line num="165" count="57" type="stmt"/>
      <line num="166" count="57" type="stmt"/>
      <line num="167" count="57" type="stmt"/>
      <line num="168" count="57" type="stmt"/>
      <line num="169" count="57" type="stmt"/>
      <line num="170" count="57" type="stmt"/>
      <line num="171" count="57" type="stmt"/>
      <line num="172" count="57" type="stmt"/>
      <line num="173" count="57" type="cond" truecount="1" falsecount="0"/>
      <line num="174" count="33" type="stmt"/>
      <line num="175" count="33" type="stmt"/>
      <line num="176" count="33" type="stmt"/>
      <line num="177" count="33" type="cond" truecount="0" falsecount="1"/>
      <line num="178" count="0" type="stmt"/>
      <line num="179" count="33" type="stmt"/>
      <line num="180" count="33" type="cond" truecount="1" falsecount="0"/>
      <line num="181" count="24" type="stmt"/>
      <line num="182" count="24" type="cond" truecount="1" falsecount="0"/>
      <line num="183" count="69" type="cond" truecount="2" falsecount="0"/>
      <line num="184" count="69" type="stmt"/>
      <line num="185" count="69" type="stmt"/>
      <line num="186" count="69" type="stmt"/>
      <line num="187" count="69" type="cond" truecount="0" falsecount="1"/>
      <line num="188" count="69" type="stmt"/>
      <line num="189" count="69" type="cond" truecount="2" falsecount="0"/>
      <line num="190" count="69" type="cond" truecount="2" falsecount="0"/>
      <line num="191" count="69" type="stmt"/>
      <line num="192" count="69" type="stmt"/>
      <line num="193" count="69" type="cond" truecount="2" falsecount="0"/>
      <line num="194" count="69" type="cond" truecount="1" falsecount="0"/>
      <line num="195" count="69" type="stmt"/>
      <line num="196" count="69" type="cond" truecount="1" falsecount="0"/>
      <line num="197" count="47" type="stmt"/>
      <line num="198" count="47" type="cond" truecount="1" falsecount="0"/>
      <line num="199" count="47" type="stmt"/>
      <line num="200" count="47" type="stmt"/>
      <line num="201" count="47" type="stmt"/>
      <line num="202" count="47" type="stmt"/>
      <line num="203" count="69" type="stmt"/>
      <line num="204" count="69" type="stmt"/>
      <line num="205" count="69" type="stmt"/>
      <line num="206" count="24" type="stmt"/>
      <line num="207" count="57" type="stmt"/>
      <line num="208" count="57" type="stmt"/>
      <line num="209" count="57" type="stmt"/>
      <line num="210" count="57" type="stmt"/>
      <line num="211" count="57" type="stmt"/>
      <line num="212" count="57" type="stmt"/>
      <line num="213" count="57" type="stmt"/>
      <line num="214" count="1" type="stmt"/>
      <line num="215" count="1" type="stmt"/>
    </file>
    <file name="main.jsx" path="/Users/jonathan.pho/Development/practice/draft-board/frontend/src/main.jsx">
      <metrics statements="10" coveredstatements="0" conditionals="1" coveredconditionals="0" methods="1" coveredmethods="0"/>
      <line num="1" count="0" type="cond" truecount="0" falsecount="1"/>
      <line num="2" count="0" type="stmt"/>
      <line num="3" count="0" type="stmt"/>
      <line num="4" count="0" type="stmt"/>
      <line num="5" count="0" type="stmt"/>
      <line num="6" count="0" type="stmt"/>
      <line num="7" count="0" type="stmt"/>
      <line num="8" count="0" type="stmt"/>
      <line num="9" count="0" type="stmt"/>
      <line num="10" count="0" type="stmt"/>
    </file>
  </project>
</coverage>
