{"/Users/jonathan.pho/Development/practice/draft-board/frontend/src/App.jsx": {"path":"/Users/jonathan.pho/Development/practice/draft-board/frontend/src/App.jsx","all":false,"statementMap":{"0":{"start":{"line":1,"column":0},"end":{"line":1,"column":43}},"1":{"start":{"line":2,"column":0},"end":{"line":2,"column":18}},"2":{"start":{"line":3,"column":0},"end":{"line":3,"column":0}},"3":{"start":{"line":4,"column":0},"end":{"line":4,"column":39}},"4":{"start":{"line":5,"column":0},"end":{"line":5,"column":0}},"5":{"start":{"line":6,"column":0},"end":{"line":6,"column":16}},"6":{"start":{"line":7,"column":0},"end":{"line":7,"column":44}},"7":{"start":{"line":8,"column":0},"end":{"line":8,"column":47}},"8":{"start":{"line":9,"column":0},"end":{"line":9,"column":56}},"9":{"start":{"line":10,"column":0},"end":{"line":10,"column":61}},"10":{"start":{"line":11,"column":0},"end":{"line":11,"column":54}},"11":{"start":{"line":12,"column":0},"end":{"line":12,"column":0}},"12":{"start":{"line":13,"column":0},"end":{"line":13,"column":19}},"13":{"start":{"line":14,"column":0},"end":{"line":14,"column":18}},"14":{"start":{"line":15,"column":0},"end":{"line":15,"column":8}},"15":{"start":{"line":16,"column":0},"end":{"line":16,"column":0}},"16":{"start":{"line":17,"column":0},"end":{"line":17,"column":36}},"17":{"start":{"line":18,"column":0},"end":{"line":18,"column":9}},"18":{"start":{"line":19,"column":0},"end":{"line":19,"column":60}},"19":{"start":{"line":20,"column":0},"end":{"line":20,"column":40}},"20":{"start":{"line":21,"column":0},"end":{"line":21,"column":22}},"21":{"start":{"line":22,"column":0},"end":{"line":22,"column":21}},"22":{"start":{"line":23,"column":0},"end":{"line":23,"column":53}},"23":{"start":{"line":24,"column":0},"end":{"line":24,"column":5}},"24":{"start":{"line":25,"column":0},"end":{"line":25,"column":3}},"25":{"start":{"line":26,"column":0},"end":{"line":26,"column":0}},"26":{"start":{"line":27,"column":0},"end":{"line":27,"column":45}},"27":{"start":{"line":28,"column":0},"end":{"line":28,"column":38}},"28":{"start":{"line":29,"column":0},"end":{"line":29,"column":21}},"29":{"start":{"line":30,"column":0},"end":{"line":30,"column":0}},"30":{"start":{"line":31,"column":0},"end":{"line":31,"column":20}},"31":{"start":{"line":32,"column":0},"end":{"line":32,"column":24}},"32":{"start":{"line":33,"column":0},"end":{"line":33,"column":0}},"33":{"start":{"line":34,"column":0},"end":{"line":34,"column":35}},"34":{"start":{"line":35,"column":0},"end":{"line":35,"column":33}},"35":{"start":{"line":36,"column":0},"end":{"line":36,"column":0}},"36":{"start":{"line":37,"column":0},"end":{"line":37,"column":9}},"37":{"start":{"line":38,"column":0},"end":{"line":38,"column":69}},"38":{"start":{"line":39,"column":0},"end":{"line":39,"column":23}},"39":{"start":{"line":40,"column":0},"end":{"line":40,"column":23}},"40":{"start":{"line":41,"column":0},"end":{"line":41,"column":8}},"41":{"start":{"line":42,"column":0},"end":{"line":42,"column":40}},"42":{"start":{"line":43,"column":0},"end":{"line":43,"column":36}},"43":{"start":{"line":44,"column":0},"end":{"line":44,"column":26}},"44":{"start":{"line":45,"column":0},"end":{"line":45,"column":21}},"45":{"start":{"line":46,"column":0},"end":{"line":46,"column":64}},"46":{"start":{"line":47,"column":0},"end":{"line":47,"column":15}},"47":{"start":{"line":48,"column":0},"end":{"line":48,"column":23}},"48":{"start":{"line":49,"column":0},"end":{"line":49,"column":29}},"49":{"start":{"line":50,"column":0},"end":{"line":50,"column":5}},"50":{"start":{"line":51,"column":0},"end":{"line":51,"column":3}},"51":{"start":{"line":52,"column":0},"end":{"line":52,"column":0}},"52":{"start":{"line":53,"column":0},"end":{"line":53,"column":49}},"53":{"start":{"line":54,"column":0},"end":{"line":54,"column":51}},"54":{"start":{"line":55,"column":0},"end":{"line":55,"column":48}},"55":{"start":{"line":56,"column":0},"end":{"line":56,"column":0}},"56":{"start":{"line":57,"column":0},"end":{"line":57,"column":41}},"57":{"start":{"line":58,"column":0},"end":{"line":58,"column":0}},"58":{"start":{"line":59,"column":0},"end":{"line":59,"column":9}},"59":{"start":{"line":60,"column":0},"end":{"line":60,"column":63}},"60":{"start":{"line":61,"column":0},"end":{"line":61,"column":24}},"61":{"start":{"line":62,"column":0},"end":{"line":62,"column":56}},"62":{"start":{"line":63,"column":0},"end":{"line":63,"column":30}},"63":{"start":{"line":64,"column":0},"end":{"line":64,"column":44}},"64":{"start":{"line":65,"column":0},"end":{"line":65,"column":32}},"65":{"start":{"line":66,"column":0},"end":{"line":66,"column":11}},"66":{"start":{"line":67,"column":0},"end":{"line":67,"column":8}},"67":{"start":{"line":68,"column":0},"end":{"line":68,"column":26}},"68":{"start":{"line":69,"column":0},"end":{"line":69,"column":21}},"69":{"start":{"line":70,"column":0},"end":{"line":70,"column":52}},"70":{"start":{"line":71,"column":0},"end":{"line":71,"column":5}},"71":{"start":{"line":72,"column":0},"end":{"line":72,"column":3}},"72":{"start":{"line":73,"column":0},"end":{"line":73,"column":0}},"73":{"start":{"line":74,"column":0},"end":{"line":74,"column":42}},"74":{"start":{"line":75,"column":0},"end":{"line":75,"column":71}},"75":{"start":{"line":76,"column":0},"end":{"line":76,"column":0}},"76":{"start":{"line":77,"column":0},"end":{"line":77,"column":9}},"77":{"start":{"line":78,"column":0},"end":{"line":78,"column":45}},"78":{"start":{"line":79,"column":0},"end":{"line":79,"column":25}},"79":{"start":{"line":80,"column":0},"end":{"line":80,"column":8}},"80":{"start":{"line":81,"column":0},"end":{"line":81,"column":26}},"81":{"start":{"line":82,"column":0},"end":{"line":82,"column":45}},"82":{"start":{"line":83,"column":0},"end":{"line":83,"column":21}},"83":{"start":{"line":84,"column":0},"end":{"line":84,"column":53}},"84":{"start":{"line":85,"column":0},"end":{"line":85,"column":5}},"85":{"start":{"line":86,"column":0},"end":{"line":86,"column":3}},"86":{"start":{"line":87,"column":0},"end":{"line":87,"column":0}},"87":{"start":{"line":88,"column":0},"end":{"line":88,"column":54}},"88":{"start":{"line":89,"column":0},"end":{"line":89,"column":88}},"89":{"start":{"line":90,"column":0},"end":{"line":90,"column":55}},"90":{"start":{"line":91,"column":0},"end":{"line":91,"column":40}},"91":{"start":{"line":92,"column":0},"end":{"line":92,"column":4}},"92":{"start":{"line":93,"column":0},"end":{"line":93,"column":0}},"93":{"start":{"line":94,"column":0},"end":{"line":94,"column":71}},"94":{"start":{"line":95,"column":0},"end":{"line":95,"column":0}},"95":{"start":{"line":96,"column":0},"end":{"line":96,"column":10}},"96":{"start":{"line":97,"column":0},"end":{"line":97,"column":25}},"97":{"start":{"line":98,"column":0},"end":{"line":98,"column":33}},"98":{"start":{"line":99,"column":0},"end":{"line":99,"column":53}},"99":{"start":{"line":100,"column":0},"end":{"line":100,"column":15}},"100":{"start":{"line":101,"column":0},"end":{"line":101,"column":0}},"101":{"start":{"line":102,"column":0},"end":{"line":102,"column":32}},"102":{"start":{"line":103,"column":0},"end":{"line":103,"column":40}},"103":{"start":{"line":104,"column":0},"end":{"line":104,"column":65}},"104":{"start":{"line":105,"column":0},"end":{"line":105,"column":30}},"105":{"start":{"line":106,"column":0},"end":{"line":106,"column":18}},"106":{"start":{"line":107,"column":0},"end":{"line":107,"column":16}},"107":{"start":{"line":108,"column":0},"end":{"line":108,"column":28}},"108":{"start":{"line":109,"column":0},"end":{"line":109,"column":23}},"109":{"start":{"line":110,"column":0},"end":{"line":110,"column":25}},"110":{"start":{"line":111,"column":0},"end":{"line":111,"column":39}},"111":{"start":{"line":112,"column":0},"end":{"line":112,"column":30}},"112":{"start":{"line":113,"column":0},"end":{"line":113,"column":39}},"113":{"start":{"line":114,"column":0},"end":{"line":114,"column":12}},"114":{"start":{"line":115,"column":0},"end":{"line":115,"column":68}},"115":{"start":{"line":116,"column":0},"end":{"line":116,"column":77}},"116":{"start":{"line":117,"column":0},"end":{"line":117,"column":14}},"117":{"start":{"line":118,"column":0},"end":{"line":118,"column":0}},"118":{"start":{"line":119,"column":0},"end":{"line":119,"column":40}},"119":{"start":{"line":120,"column":0},"end":{"line":120,"column":17}},"120":{"start":{"line":121,"column":0},"end":{"line":121,"column":21}},"121":{"start":{"line":122,"column":0},"end":{"line":122,"column":95}},"122":{"start":{"line":123,"column":0},"end":{"line":123,"column":39}},"123":{"start":{"line":124,"column":0},"end":{"line":124,"column":46}},"124":{"start":{"line":125,"column":0},"end":{"line":125,"column":23}},"125":{"start":{"line":126,"column":0},"end":{"line":126,"column":25}},"126":{"start":{"line":127,"column":0},"end":{"line":127,"column":17}},"127":{"start":{"line":128,"column":0},"end":{"line":128,"column":21}},"128":{"start":{"line":129,"column":0},"end":{"line":129,"column":18}},"129":{"start":{"line":130,"column":0},"end":{"line":130,"column":0}},"130":{"start":{"line":131,"column":0},"end":{"line":131,"column":17}},"131":{"start":{"line":132,"column":0},"end":{"line":132,"column":18}},"132":{"start":{"line":133,"column":0},"end":{"line":133,"column":29}},"133":{"start":{"line":134,"column":0},"end":{"line":134,"column":35}},"134":{"start":{"line":135,"column":0},"end":{"line":135,"column":64}},"135":{"start":{"line":136,"column":0},"end":{"line":136,"column":14}},"136":{"start":{"line":137,"column":0},"end":{"line":137,"column":32}},"137":{"start":{"line":138,"column":0},"end":{"line":138,"column":18}},"138":{"start":{"line":139,"column":0},"end":{"line":139,"column":0}},"139":{"start":{"line":140,"column":0},"end":{"line":140,"column":72}},"140":{"start":{"line":141,"column":0},"end":{"line":141,"column":29}},"141":{"start":{"line":142,"column":0},"end":{"line":142,"column":19}},"142":{"start":{"line":143,"column":0},"end":{"line":143,"column":14}},"143":{"start":{"line":144,"column":0},"end":{"line":144,"column":12}},"144":{"start":{"line":145,"column":0},"end":{"line":145,"column":0}},"145":{"start":{"line":146,"column":0},"end":{"line":146,"column":29}},"146":{"start":{"line":147,"column":0},"end":{"line":147,"column":30}},"147":{"start":{"line":148,"column":0},"end":{"line":148,"column":58}},"148":{"start":{"line":149,"column":0},"end":{"line":149,"column":14}},"149":{"start":{"line":150,"column":0},"end":{"line":150,"column":30}},"150":{"start":{"line":151,"column":0},"end":{"line":151,"column":77}},"151":{"start":{"line":152,"column":0},"end":{"line":152,"column":14}},"152":{"start":{"line":153,"column":0},"end":{"line":153,"column":30}},"153":{"start":{"line":154,"column":0},"end":{"line":154,"column":80}},"154":{"start":{"line":155,"column":0},"end":{"line":155,"column":14}},"155":{"start":{"line":156,"column":0},"end":{"line":156,"column":12}},"156":{"start":{"line":157,"column":0},"end":{"line":157,"column":0}},"157":{"start":{"line":158,"column":0},"end":{"line":158,"column":41}},"158":{"start":{"line":159,"column":0},"end":{"line":159,"column":41}},"159":{"start":{"line":160,"column":0},"end":{"line":160,"column":17}},"160":{"start":{"line":161,"column":0},"end":{"line":161,"column":16}},"161":{"start":{"line":162,"column":0},"end":{"line":162,"column":27}},"162":{"start":{"line":163,"column":0},"end":{"line":163,"column":31}},"163":{"start":{"line":164,"column":0},"end":{"line":164,"column":27}},"164":{"start":{"line":165,"column":0},"end":{"line":165,"column":39}},"165":{"start":{"line":166,"column":0},"end":{"line":166,"column":29}},"166":{"start":{"line":167,"column":0},"end":{"line":167,"column":34}},"167":{"start":{"line":168,"column":0},"end":{"line":168,"column":33}},"168":{"start":{"line":169,"column":0},"end":{"line":169,"column":29}},"169":{"start":{"line":170,"column":0},"end":{"line":170,"column":17}},"170":{"start":{"line":171,"column":0},"end":{"line":171,"column":18}},"171":{"start":{"line":172,"column":0},"end":{"line":172,"column":17}},"172":{"start":{"line":173,"column":0},"end":{"line":173,"column":45}},"173":{"start":{"line":174,"column":0},"end":{"line":174,"column":18}},"174":{"start":{"line":175,"column":0},"end":{"line":175,"column":55}},"175":{"start":{"line":176,"column":0},"end":{"line":176,"column":39}},"176":{"start":{"line":177,"column":0},"end":{"line":177,"column":78}},"177":{"start":{"line":178,"column":0},"end":{"line":178,"column":62}},"178":{"start":{"line":179,"column":0},"end":{"line":179,"column":21}},"179":{"start":{"line":180,"column":0},"end":{"line":180,"column":19}},"180":{"start":{"line":181,"column":0},"end":{"line":181,"column":17}},"181":{"start":{"line":182,"column":0},"end":{"line":182,"column":47}},"182":{"start":{"line":183,"column":0},"end":{"line":183,"column":89}},"183":{"start":{"line":184,"column":0},"end":{"line":184,"column":64}},"184":{"start":{"line":185,"column":0},"end":{"line":185,"column":44}},"185":{"start":{"line":186,"column":0},"end":{"line":186,"column":40}},"186":{"start":{"line":187,"column":0},"end":{"line":187,"column":73}},"187":{"start":{"line":188,"column":0},"end":{"line":188,"column":22}},"188":{"start":{"line":189,"column":0},"end":{"line":189,"column":91}},"189":{"start":{"line":190,"column":0},"end":{"line":190,"column":64}},"190":{"start":{"line":191,"column":0},"end":{"line":191,"column":27}},"191":{"start":{"line":192,"column":0},"end":{"line":192,"column":23}},"192":{"start":{"line":193,"column":0},"end":{"line":193,"column":80}},"193":{"start":{"line":194,"column":0},"end":{"line":194,"column":53}},"194":{"start":{"line":195,"column":0},"end":{"line":195,"column":22}},"195":{"start":{"line":196,"column":0},"end":{"line":196,"column":41}},"196":{"start":{"line":197,"column":0},"end":{"line":197,"column":29}},"197":{"start":{"line":198,"column":0},"end":{"line":198,"column":68}},"198":{"start":{"line":199,"column":0},"end":{"line":199,"column":48}},"199":{"start":{"line":200,"column":0},"end":{"line":200,"column":23}},"200":{"start":{"line":201,"column":0},"end":{"line":201,"column":29}},"201":{"start":{"line":202,"column":0},"end":{"line":202,"column":31}},"202":{"start":{"line":203,"column":0},"end":{"line":203,"column":22}},"203":{"start":{"line":204,"column":0},"end":{"line":204,"column":23}},"204":{"start":{"line":205,"column":0},"end":{"line":205,"column":21}},"205":{"start":{"line":206,"column":0},"end":{"line":206,"column":16}},"206":{"start":{"line":207,"column":0},"end":{"line":207,"column":14}},"207":{"start":{"line":208,"column":0},"end":{"line":208,"column":18}},"208":{"start":{"line":209,"column":0},"end":{"line":209,"column":16}},"209":{"start":{"line":210,"column":0},"end":{"line":210,"column":12}},"210":{"start":{"line":211,"column":0},"end":{"line":211,"column":10}},"211":{"start":{"line":212,"column":0},"end":{"line":212,"column":3}},"212":{"start":{"line":213,"column":0},"end":{"line":213,"column":1}},"213":{"start":{"line":214,"column":0},"end":{"line":214,"column":0}},"214":{"start":{"line":215,"column":0},"end":{"line":215,"column":18}}},"s":{"0":1,"1":1,"2":1,"3":1,"4":1,"5":57,"6":57,"7":57,"8":57,"9":57,"10":57,"11":57,"12":57,"13":28,"14":57,"15":57,"16":57,"17":34,"18":34,"19":33,"20":33,"21":34,"22":1,"23":1,"24":34,"25":57,"26":57,"27":2,"28":2,"29":2,"30":2,"31":2,"32":2,"33":2,"34":2,"35":2,"36":2,"37":2,"38":2,"39":2,"40":2,"41":2,"42":2,"43":2,"44":2,"45":0,"46":2,"47":2,"48":2,"49":2,"50":2,"51":57,"52":57,"53":3,"54":3,"55":3,"56":3,"57":2,"58":2,"59":2,"60":2,"61":2,"62":2,"63":2,"64":2,"65":2,"66":2,"67":2,"68":3,"69":0,"70":0,"71":3,"72":57,"73":57,"74":3,"75":2,"76":2,"77":2,"78":2,"79":2,"80":2,"81":2,"82":3,"83":0,"84":0,"85":3,"86":57,"87":57,"88":72,"89":72,"90":72,"91":57,"92":57,"93":57,"94":57,"95":57,"96":57,"97":57,"98":57,"99":57,"100":57,"101":57,"102":57,"103":57,"104":57,"105":57,"106":57,"107":57,"108":57,"109":57,"110":57,"111":57,"112":57,"113":57,"114":57,"115":57,"116":57,"117":57,"118":57,"119":57,"120":57,"121":57,"122":57,"123":129,"124":129,"125":129,"126":57,"127":57,"128":57,"129":57,"130":57,"131":57,"132":57,"133":57,"134":57,"135":57,"136":57,"137":57,"138":57,"139":57,"140":57,"141":57,"142":57,"143":57,"144":57,"145":57,"146":57,"147":57,"148":57,"149":57,"150":57,"151":57,"152":57,"153":57,"154":57,"155":57,"156":57,"157":57,"158":57,"159":57,"160":57,"161":57,"162":57,"163":57,"164":57,"165":57,"166":57,"167":57,"168":57,"169":57,"170":57,"171":57,"172":57,"173":33,"174":33,"175":33,"176":33,"177":0,"178":33,"179":33,"180":24,"181":24,"182":69,"183":69,"184":69,"185":69,"186":69,"187":69,"188":69,"189":69,"190":69,"191":69,"192":69,"193":69,"194":69,"195":69,"196":47,"197":47,"198":47,"199":47,"200":47,"201":47,"202":69,"203":69,"204":69,"205":24,"206":57,"207":57,"208":57,"209":57,"210":57,"211":57,"212":57,"213":1,"214":1},"branchMap":{"0":{"type":"branch","line":6,"loc":{"start":{"line":6,"column":0},"end":{"line":213,"column":1}},"locations":[{"start":{"line":6,"column":0},"end":{"line":213,"column":1}}]},"1":{"type":"branch","line":115,"loc":{"start":{"line":115,"column":11},"end":{"line":115,"column":68}},"locations":[{"start":{"line":115,"column":11},"end":{"line":115,"column":68}}]},"2":{"type":"branch","line":116,"loc":{"start":{"line":116,"column":11},"end":{"line":116,"column":77}},"locations":[{"start":{"line":116,"column":11},"end":{"line":116,"column":77}}]},"3":{"type":"branch","line":173,"loc":{"start":{"line":173,"column":40},"end":{"line":180,"column":19}},"locations":[{"start":{"line":173,"column":40},"end":{"line":180,"column":19}}]},"4":{"type":"branch","line":177,"loc":{"start":{"line":177,"column":22},"end":{"line":178,"column":62}},"locations":[{"start":{"line":177,"column":22},"end":{"line":178,"column":62}}]},"5":{"type":"branch","line":180,"loc":{"start":{"line":180,"column":14},"end":{"line":206,"column":16}},"locations":[{"start":{"line":180,"column":14},"end":{"line":206,"column":16}}]},"6":{"type":"branch","line":13,"loc":{"start":{"line":13,"column":12},"end":{"line":15,"column":5}},"locations":[{"start":{"line":13,"column":12},"end":{"line":15,"column":5}}]},"7":{"type":"branch","line":17,"loc":{"start":{"line":17,"column":23},"end":{"line":25,"column":3}},"locations":[{"start":{"line":17,"column":23},"end":{"line":25,"column":3}}]},"8":{"type":"branch","line":19,"loc":{"start":{"line":19,"column":59},"end":{"line":22,"column":13}},"locations":[{"start":{"line":19,"column":59},"end":{"line":22,"column":13}}]},"9":{"type":"branch","line":22,"loc":{"start":{"line":22,"column":4},"end":{"line":24,"column":5}},"locations":[{"start":{"line":22,"column":4},"end":{"line":24,"column":5}}]},"10":{"type":"branch","line":27,"loc":{"start":{"line":27,"column":27},"end":{"line":51,"column":3}},"locations":[{"start":{"line":27,"column":27},"end":{"line":51,"column":3}}]},"11":{"type":"branch","line":29,"loc":{"start":{"line":29,"column":15},"end":{"line":29,"column":21}},"locations":[{"start":{"line":29,"column":15},"end":{"line":29,"column":21}}]},"12":{"type":"branch","line":45,"loc":{"start":{"line":45,"column":4},"end":{"line":47,"column":6}},"locations":[{"start":{"line":45,"column":4},"end":{"line":47,"column":6}}]},"13":{"type":"branch","line":53,"loc":{"start":{"line":53,"column":28},"end":{"line":72,"column":3}},"locations":[{"start":{"line":53,"column":28},"end":{"line":72,"column":3}}]},"14":{"type":"branch","line":57,"loc":{"start":{"line":57,"column":9},"end":{"line":57,"column":35}},"locations":[{"start":{"line":57,"column":9},"end":{"line":57,"column":35}}]},"15":{"type":"branch","line":57,"loc":{"start":{"line":57,"column":35},"end":{"line":57,"column":41}},"locations":[{"start":{"line":57,"column":35},"end":{"line":57,"column":41}}]},"16":{"type":"branch","line":57,"loc":{"start":{"line":57,"column":35},"end":{"line":69,"column":13}},"locations":[{"start":{"line":57,"column":35},"end":{"line":69,"column":13}}]},"17":{"type":"branch","line":69,"loc":{"start":{"line":69,"column":4},"end":{"line":71,"column":5}},"locations":[{"start":{"line":69,"column":4},"end":{"line":71,"column":5}}]},"18":{"type":"branch","line":74,"loc":{"start":{"line":74,"column":29},"end":{"line":86,"column":3}},"locations":[{"start":{"line":74,"column":29},"end":{"line":86,"column":3}}]},"19":{"type":"branch","line":75,"loc":{"start":{"line":75,"column":65},"end":{"line":75,"column":71}},"locations":[{"start":{"line":75,"column":65},"end":{"line":75,"column":71}}]},"20":{"type":"branch","line":75,"loc":{"start":{"line":75,"column":65},"end":{"line":83,"column":13}},"locations":[{"start":{"line":75,"column":65},"end":{"line":83,"column":13}}]},"21":{"type":"branch","line":83,"loc":{"start":{"line":83,"column":4},"end":{"line":85,"column":5}},"locations":[{"start":{"line":83,"column":4},"end":{"line":85,"column":5}}]},"22":{"type":"branch","line":88,"loc":{"start":{"line":88,"column":41},"end":{"line":92,"column":3}},"locations":[{"start":{"line":88,"column":41},"end":{"line":92,"column":3}}]},"23":{"type":"branch","line":89,"loc":{"start":{"line":89,"column":45},"end":{"line":89,"column":88}},"locations":[{"start":{"line":89,"column":45},"end":{"line":89,"column":88}}]},"24":{"type":"branch","line":90,"loc":{"start":{"line":90,"column":25},"end":{"line":90,"column":55}},"locations":[{"start":{"line":90,"column":25},"end":{"line":90,"column":55}}]},"25":{"type":"branch","line":91,"loc":{"start":{"line":91,"column":11},"end":{"line":91,"column":40}},"locations":[{"start":{"line":91,"column":11},"end":{"line":91,"column":40}}]},"26":{"type":"branch","line":94,"loc":{"start":{"line":94,"column":51},"end":{"line":94,"column":68}},"locations":[{"start":{"line":94,"column":51},"end":{"line":94,"column":68}}]},"27":{"type":"branch","line":122,"loc":{"start":{"line":122,"column":53},"end":{"line":122,"column":95}},"locations":[{"start":{"line":122,"column":53},"end":{"line":122,"column":95}}]},"28":{"type":"branch","line":123,"loc":{"start":{"line":123,"column":29},"end":{"line":126,"column":25}},"locations":[{"start":{"line":123,"column":29},"end":{"line":126,"column":25}}]},"29":{"type":"branch","line":135,"loc":{"start":{"line":135,"column":24},"end":{"line":135,"column":64}},"locations":[{"start":{"line":135,"column":24},"end":{"line":135,"column":64}}]},"30":{"type":"branch","line":151,"loc":{"start":{"line":151,"column":52},"end":{"line":151,"column":68}},"locations":[{"start":{"line":151,"column":52},"end":{"line":151,"column":68}}]},"31":{"type":"branch","line":154,"loc":{"start":{"line":154,"column":54},"end":{"line":154,"column":71}},"locations":[{"start":{"line":154,"column":54},"end":{"line":154,"column":71}}]},"32":{"type":"branch","line":182,"loc":{"start":{"line":182,"column":34},"end":{"line":205,"column":21}},"locations":[{"start":{"line":182,"column":34},"end":{"line":205,"column":21}}]},"33":{"type":"branch","line":183,"loc":{"start":{"line":183,"column":54},"end":{"line":183,"column":76}},"locations":[{"start":{"line":183,"column":54},"end":{"line":183,"column":76}}]},"34":{"type":"branch","line":183,"loc":{"start":{"line":183,"column":64},"end":{"line":183,"column":89}},"locations":[{"start":{"line":183,"column":64},"end":{"line":183,"column":89}}]},"35":{"type":"branch","line":187,"loc":{"start":{"line":187,"column":57},"end":{"line":187,"column":68}},"locations":[{"start":{"line":187,"column":57},"end":{"line":187,"column":68}}]},"36":{"type":"branch","line":189,"loc":{"start":{"line":189,"column":54},"end":{"line":189,"column":76}},"locations":[{"start":{"line":189,"column":54},"end":{"line":189,"column":76}}]},"37":{"type":"branch","line":189,"loc":{"start":{"line":189,"column":64},"end":{"line":189,"column":87}},"locations":[{"start":{"line":189,"column":64},"end":{"line":189,"column":87}}]},"38":{"type":"branch","line":190,"loc":{"start":{"line":190,"column":30},"end":{"line":190,"column":52}},"locations":[{"start":{"line":190,"column":30},"end":{"line":190,"column":52}}]},"39":{"type":"branch","line":190,"loc":{"start":{"line":190,"column":40},"end":{"line":190,"column":64}},"locations":[{"start":{"line":190,"column":40},"end":{"line":190,"column":64}}]},"40":{"type":"branch","line":193,"loc":{"start":{"line":193,"column":30},"end":{"line":193,"column":71}},"locations":[{"start":{"line":193,"column":30},"end":{"line":193,"column":71}}]},"41":{"type":"branch","line":193,"loc":{"start":{"line":193,"column":66},"end":{"line":193,"column":75}},"locations":[{"start":{"line":193,"column":66},"end":{"line":193,"column":75}}]},"42":{"type":"branch","line":194,"loc":{"start":{"line":194,"column":30},"end":{"line":194,"column":48}},"locations":[{"start":{"line":194,"column":30},"end":{"line":194,"column":48}}]},"43":{"type":"branch","line":196,"loc":{"start":{"line":196,"column":29},"end":{"line":202,"column":31}},"locations":[{"start":{"line":196,"column":29},"end":{"line":202,"column":31}}]},"44":{"type":"branch","line":198,"loc":{"start":{"line":198,"column":33},"end":{"line":198,"column":68}},"locations":[{"start":{"line":198,"column":33},"end":{"line":198,"column":68}}]}},"b":{"0":[57],"1":[2],"2":[4],"3":[33],"4":[0],"5":[24],"6":[28],"7":[34],"8":[33],"9":[1],"10":[2],"11":[0],"12":[0],"13":[3],"14":[2],"15":[1],"16":[2],"17":[0],"18":[3],"19":[1],"20":[2],"21":[0],"22":[72],"23":[3],"24":[3],"25":[70],"26":[72],"27":[1],"28":[129],"29":[1],"30":[72],"31":[72],"32":[69],"33":[22],"34":[47],"35":[0],"36":[22],"37":[47],"38":[22],"39":[47],"40":[22],"41":[47],"42":[47],"43":[47],"44":[3]},"fnMap":{"0":{"name":"App","decl":{"start":{"line":6,"column":0},"end":{"line":213,"column":1}},"loc":{"start":{"line":6,"column":0},"end":{"line":213,"column":1}},"line":6},"1":{"name":"fetchPlayers","decl":{"start":{"line":17,"column":23},"end":{"line":25,"column":3}},"loc":{"start":{"line":17,"column":23},"end":{"line":25,"column":3}},"line":17},"2":{"name":"handleFileUpload","decl":{"start":{"line":27,"column":27},"end":{"line":51,"column":3}},"loc":{"start":{"line":27,"column":27},"end":{"line":51,"column":3}},"line":27},"3":{"name":"handleDraftPlayer","decl":{"start":{"line":53,"column":28},"end":{"line":72,"column":3}},"loc":{"start":{"line":53,"column":28},"end":{"line":72,"column":3}},"line":53},"4":{"name":"handleClearPlayers","decl":{"start":{"line":74,"column":29},"end":{"line":86,"column":3}},"loc":{"start":{"line":74,"column":29},"end":{"line":86,"column":3}},"line":74},"5":{"name":"onChange","decl":{"start":{"line":122,"column":53},"end":{"line":122,"column":95}},"loc":{"start":{"line":122,"column":53},"end":{"line":122,"column":95}},"line":122},"6":{"name":"onChange","decl":{"start":{"line":135,"column":24},"end":{"line":135,"column":64}},"loc":{"start":{"line":135,"column":24},"end":{"line":135,"column":64}},"line":135},"7":{"name":"onClick","decl":{"start":{"line":198,"column":33},"end":{"line":198,"column":68}},"loc":{"start":{"line":198,"column":33},"end":{"line":198,"column":68}},"line":198}},"f":{"0":57,"1":34,"2":2,"3":3,"4":3,"5":1,"6":1,"7":3}}
,"/Users/jonathan.pho/Development/practice/draft-board/frontend/src/main.jsx": {"path":"/Users/jonathan.pho/Development/practice/draft-board/frontend/src/main.jsx","all":true,"statementMap":{"0":{"start":{"line":1,"column":0},"end":{"line":1,"column":34}},"1":{"start":{"line":2,"column":0},"end":{"line":2,"column":45}},"2":{"start":{"line":3,"column":0},"end":{"line":3,"column":20}},"3":{"start":{"line":4,"column":0},"end":{"line":4,"column":27}},"4":{"start":{"line":5,"column":0},"end":{"line":5,"column":0}},"5":{"start":{"line":6,"column":0},"end":{"line":6,"column":51}},"6":{"start":{"line":7,"column":0},"end":{"line":7,"column":14}},"7":{"start":{"line":8,"column":0},"end":{"line":8,"column":11}},"8":{"start":{"line":9,"column":0},"end":{"line":9,"column":16}},"9":{"start":{"line":10,"column":0},"end":{"line":10,"column":1}}},"s":{"0":0,"1":0,"2":0,"3":0,"4":0,"5":0,"6":0,"7":0,"8":0,"9":0},"branchMap":{"0":{"type":"branch","line":1,"loc":{"start":{"line":1,"column":228},"end":{"line":10,"column":1}},"locations":[{"start":{"line":1,"column":228},"end":{"line":10,"column":1}}]}},"b":{"0":[0]},"fnMap":{"0":{"name":"(empty-report)","decl":{"start":{"line":1,"column":228},"end":{"line":10,"column":1}},"loc":{"start":{"line":1,"column":228},"end":{"line":10,"column":1}},"line":1}},"f":{"0":0}}
}
